80
5.0
500.0
[array([1.3085465 , 1.32551505, 1.30619296, 1.33914181, 1.29309476,
       1.31140187, 1.31817734, 1.30424217, 1.28372061, 1.3176734 ,
       1.31169404, 1.30943385, 1.32285648, 1.33166366, 1.28298549,
       1.29654431, 1.28323501, 1.33263107, 1.31451196, 1.29893728])]
[array([0.27451175, 0.27458051, 0.27455443, 0.27460202, 0.27447932,
       0.27456184, 0.27457491, 0.27453663, 0.27449088, 0.27453647,
       0.27458732, 0.27452015, 0.27458364, 0.27456523, 0.27451947,
       0.27447292, 0.27452103, 0.27459215, 0.27452299, 0.27455271])]
[array([1.3085465 , 1.32551505, 1.30619296, 1.33914181, 1.29309476,
       1.31140187, 1.31817734, 1.30424217, 1.28372061, 1.3176734 ,
       1.31169404, 1.30943385, 1.32285648, 1.33166366, 1.28298549,
       1.29654431, 1.28323501, 1.33263107, 1.31451196, 1.29893728]), array([0.61635857, 0.61681556, 0.61666688, 0.61906129, 0.61970458,
       0.61321524, 0.61515376, 0.61377627, 0.61848666, 0.61607672,
       0.61605739, 0.62044339, 0.61700435, 0.62151011, 0.62562151,
       0.61099524, 0.61341333, 0.62551101, 0.62295142, 0.61698564])]
[array([0.27451175, 0.27458051, 0.27455443, 0.27460202, 0.27447932,
       0.27456184, 0.27457491, 0.27453663, 0.27449088, 0.27453647,
       0.27458732, 0.27452015, 0.27458364, 0.27456523, 0.27451947,
       0.27447292, 0.27452103, 0.27459215, 0.27452299, 0.27455271]), array([0.40398955, 0.40434116, 0.40434679, 0.40356098, 0.40361141,
       0.40542956, 0.40465626, 0.40476613, 0.40382179, 0.40467624,
       0.40415516, 0.40344389, 0.40345536, 0.40376275, 0.40241557,
       0.40519425, 0.40498364, 0.40349079, 0.40323821, 0.40419513])]
