100
1.0
100.0
[array([1.3638851 , 1.34748832, 1.32806149, 1.33974068, 1.33040328,
       1.38056995, 1.32569438, 1.32331761, 1.33923395, 1.3496532 ,
       1.32731532, 1.34768461, 1.36359174, 1.32222972, 1.36059441,
       1.34145111, 1.35299085, 1.35123168, 1.34979875, 1.33951721])]
[array([0.36160315, 0.36206132, 0.36192441, 0.36170767, 0.36181826,
       0.36177521, 0.36219081, 0.36203508, 0.36190348, 0.36146812,
       0.36189899, 0.36186701, 0.36166805, 0.36195948, 0.36171278,
       0.36145825, 0.36136747, 0.36193305, 0.36179559, 0.36167618])]
[array([1.3638851 , 1.34748832, 1.32806149, 1.33974068, 1.33040328,
       1.38056995, 1.32569438, 1.32331761, 1.33923395, 1.3496532 ,
       1.32731532, 1.34768461, 1.36359174, 1.32222972, 1.36059441,
       1.34145111, 1.35299085, 1.35123168, 1.34979875, 1.33951721]), array([0.972209  , 0.97208727, 0.97354622, 0.96863746, 0.97467316,
       0.97489057, 0.97563139, 0.97195949, 0.97093109, 0.97624633,
       0.97044538, 0.97365636, 0.97623763, 0.972075  , 0.97350707,
       0.97353695, 0.96922912, 0.97429713, 0.97517252, 0.97171   ])]
[array([0.36160315, 0.36206132, 0.36192441, 0.36170767, 0.36181826,
       0.36177521, 0.36219081, 0.36203508, 0.36190348, 0.36146812,
       0.36189899, 0.36186701, 0.36166805, 0.36195948, 0.36171278,
       0.36145825, 0.36136747, 0.36193305, 0.36179559, 0.36167618]), array([0.68949279, 0.68863452, 0.68838572, 0.69090727, 0.68602101,
       0.68807872, 0.68520227, 0.68961613, 0.69086275, 0.68707039,
       0.68966988, 0.68889047, 0.68536159, 0.68999999, 0.68631366,
       0.68693191, 0.68741402, 0.68737867, 0.68638464, 0.6897428 ])]
[array([1.3638851 , 1.34748832, 1.32806149, 1.33974068, 1.33040328,
       1.38056995, 1.32569438, 1.32331761, 1.33923395, 1.3496532 ,
       1.32731532, 1.34768461, 1.36359174, 1.32222972, 1.36059441,
       1.34145111, 1.35299085, 1.35123168, 1.34979875, 1.33951721]), array([0.972209  , 0.97208727, 0.97354622, 0.96863746, 0.97467316,
       0.97489057, 0.97563139, 0.97195949, 0.97093109, 0.97624633,
       0.97044538, 0.97365636, 0.97623763, 0.972075  , 0.97350707,
       0.97353695, 0.96922912, 0.97429713, 0.97517252, 0.97171   ]), array([0.82992688, 0.82987706, 0.82981736, 0.83032775, 0.82984602,
       0.83021685, 0.82942698, 0.83018536, 0.83041799, 0.83029679,
       0.83057706, 0.83029904, 0.82949483, 0.82977066, 0.82968721,
       0.83015932, 0.82950047, 0.83020592, 0.82981091, 0.83049879])]
[array([0.36160315, 0.36206132, 0.36192441, 0.36170767, 0.36181826,
       0.36177521, 0.36219081, 0.36203508, 0.36190348, 0.36146812,
       0.36189899, 0.36186701, 0.36166805, 0.36195948, 0.36171278,
       0.36145825, 0.36136747, 0.36193305, 0.36179559, 0.36167618]), array([0.68949279, 0.68863452, 0.68838572, 0.69090727, 0.68602101,
       0.68807872, 0.68520227, 0.68961613, 0.69086275, 0.68707039,
       0.68966988, 0.68889047, 0.68536159, 0.68999999, 0.68631366,
       0.68693191, 0.68741402, 0.68737867, 0.68638464, 0.6897428 ]), array([0.80198923, 0.80231897, 0.80273866, 0.80174247, 0.80206021,
       0.80178779, 0.80278529, 0.80226073, 0.8018509 , 0.80194818,
       0.80177413, 0.8016542 , 0.80198033, 0.80205344, 0.801935  ,
       0.80192417, 0.80238115, 0.80193387, 0.8014965 , 0.80209667])]
[array([1.3638851 , 1.34748832, 1.32806149, 1.33974068, 1.33040328,
       1.38056995, 1.32569438, 1.32331761, 1.33923395, 1.3496532 ,
       1.32731532, 1.34768461, 1.36359174, 1.32222972, 1.36059441,
       1.34145111, 1.35299085, 1.35123168, 1.34979875, 1.33951721]), array([0.972209  , 0.97208727, 0.97354622, 0.96863746, 0.97467316,
       0.97489057, 0.97563139, 0.97195949, 0.97093109, 0.97624633,
       0.97044538, 0.97365636, 0.97623763, 0.972075  , 0.97350707,
       0.97353695, 0.96922912, 0.97429713, 0.97517252, 0.97171   ]), array([0.82992688, 0.82987706, 0.82981736, 0.83032775, 0.82984602,
       0.83021685, 0.82942698, 0.83018536, 0.83041799, 0.83029679,
       0.83057706, 0.83029904, 0.82949483, 0.82977066, 0.82968721,
       0.83015932, 0.82950047, 0.83020592, 0.82981091, 0.83049879]), array([0.81717217, 0.81701735, 0.81719663, 0.81743743, 0.81709736,
       0.81711255, 0.81718759, 0.81719224, 0.81732675, 0.81708493,
       0.81728835, 0.81712912, 0.81734134, 0.81700725, 0.81728617,
       0.81718738, 0.81739459, 0.81726096, 0.81723462, 0.8170878 ])]
[array([0.36160315, 0.36206132, 0.36192441, 0.36170767, 0.36181826,
       0.36177521, 0.36219081, 0.36203508, 0.36190348, 0.36146812,
       0.36189899, 0.36186701, 0.36166805, 0.36195948, 0.36171278,
       0.36145825, 0.36136747, 0.36193305, 0.36179559, 0.36167618]), array([0.68949279, 0.68863452, 0.68838572, 0.69090727, 0.68602101,
       0.68807872, 0.68520227, 0.68961613, 0.69086275, 0.68707039,
       0.68966988, 0.68889047, 0.68536159, 0.68999999, 0.68631366,
       0.68693191, 0.68741402, 0.68737867, 0.68638464, 0.6897428 ]), array([0.80198923, 0.80231897, 0.80273866, 0.80174247, 0.80206021,
       0.80178779, 0.80278529, 0.80226073, 0.8018509 , 0.80194818,
       0.80177413, 0.8016542 , 0.80198033, 0.80205344, 0.801935  ,
       0.80192417, 0.80238115, 0.80193387, 0.8014965 , 0.80209667]), array([0.81436727, 0.8144106 , 0.81417682, 0.81455903, 0.81437585,
       0.81439607, 0.81448969, 0.81441964, 0.81437345, 0.8144201 ,
       0.81455199, 0.8144467 , 0.81453023, 0.81430733, 0.81449493,
       0.81435552, 0.81454883, 0.81450553, 0.81447053, 0.81451778])]
iclmean [1.3442226673632363, 0.9730339555491486, 0.8300171620288044, 0.817202129661869]
iclstd [0.015226615914165027, 0.0021341469329234307, 0.00033775123863062217, 0.00011641376301638431]
idgmean [0.3617912175547904, 0.6881179600794729, 0.8020355951091401, 0.8144358943441532]
idgstd [0.00020747957708888712, 0.001721603229700961, 0.0003196102149279573, 9.343703749346293e-05]
