100
1.0
10.0
[array([1.44022762, 1.41269327, 1.40603087, 1.40852844, 1.43029867,
       1.41949021, 1.4202637 , 1.39577649, 1.41686218, 1.40672351,
       1.40637408, 1.41730778, 1.38760951, 1.38756472, 1.42571524,
       1.38509955, 1.41866826, 1.41019359, 1.40885743, 1.39372491])]
[array([0.39868398, 0.39802444, 0.3988789 , 0.39816351, 0.39840347,
       0.39972492, 0.39828639, 0.3996307 , 0.3995924 , 0.39658155,
       0.39975206, 0.39928685, 0.39773689, 0.39888596, 0.39906464,
       0.3988511 , 0.39874603, 0.39851776, 0.39847091, 0.39833172])]
[array([1.44022762, 1.41269327, 1.40603087, 1.40852844, 1.43029867,
       1.41949021, 1.4202637 , 1.39577649, 1.41686218, 1.40672351,
       1.40637408, 1.41730778, 1.38760951, 1.38756472, 1.42571524,
       1.38509955, 1.41866826, 1.41019359, 1.40885743, 1.39372491]), array([1.05404027, 1.05173956, 1.05705866, 1.05159989, 1.06159383,
       1.06041407, 1.06276182, 1.05792179, 1.06274941, 1.05551651,
       1.05654815, 1.05103961, 1.05776671, 1.05889402, 1.05833511,
       1.05496309, 1.0606679 , 1.05691469, 1.05433127, 1.06562458])]
[array([0.39868398, 0.39802444, 0.3988789 , 0.39816351, 0.39840347,
       0.39972492, 0.39828639, 0.3996307 , 0.3995924 , 0.39658155,
       0.39975206, 0.39928685, 0.39773689, 0.39888596, 0.39906464,
       0.3988511 , 0.39874603, 0.39851776, 0.39847091, 0.39833172]), array([0.75912333, 0.76148287, 0.75449373, 0.75683309, 0.75924778,
       0.76076838, 0.75734241, 0.75663194, 0.76360432, 0.75882494,
       0.76122302, 0.7575124 , 0.75805621, 0.75719827, 0.75717412,
       0.75985337, 0.75635994, 0.76149683, 0.75749185, 0.75744201])]
[array([1.44022762, 1.41269327, 1.40603087, 1.40852844, 1.43029867,
       1.41949021, 1.4202637 , 1.39577649, 1.41686218, 1.40672351,
       1.40637408, 1.41730778, 1.38760951, 1.38756472, 1.42571524,
       1.38509955, 1.41866826, 1.41019359, 1.40885743, 1.39372491]), array([1.05404027, 1.05173956, 1.05705866, 1.05159989, 1.06159383,
       1.06041407, 1.06276182, 1.05792179, 1.06274941, 1.05551651,
       1.05654815, 1.05103961, 1.05776671, 1.05889402, 1.05833511,
       1.05496309, 1.0606679 , 1.05691469, 1.05433127, 1.06562458]), array([0.91402184, 0.91093716, 0.91328027, 0.91529149, 0.91357637,
       0.9131553 , 0.91241845, 0.91344802, 0.91708987, 0.91187602,
       0.91280466, 0.91292781, 0.9140591 , 0.91528254, 0.91478185,
       0.91400198, 0.91355322, 0.91680124, 0.91657261, 0.91589921])]
[array([0.39868398, 0.39802444, 0.3988789 , 0.39816351, 0.39840347,
       0.39972492, 0.39828639, 0.3996307 , 0.3995924 , 0.39658155,
       0.39975206, 0.39928685, 0.39773689, 0.39888596, 0.39906464,
       0.3988511 , 0.39874603, 0.39851776, 0.39847091, 0.39833172]), array([0.75912333, 0.76148287, 0.75449373, 0.75683309, 0.75924778,
       0.76076838, 0.75734241, 0.75663194, 0.76360432, 0.75882494,
       0.76122302, 0.7575124 , 0.75805621, 0.75719827, 0.75717412,
       0.75985337, 0.75635994, 0.76149683, 0.75749185, 0.75744201]), array([0.88473046, 0.88274235, 0.8831652 , 0.88469837, 0.88398403,
       0.88381387, 0.88148089, 0.8838115 , 0.88676778, 0.88204905,
       0.8825426 , 0.88388248, 0.8855217 , 0.8854078 , 0.88478804,
       0.88477035, 0.88438112, 0.88559322, 0.88625439, 0.88527618])]
[array([1.44022762, 1.41269327, 1.40603087, 1.40852844, 1.43029867,
       1.41949021, 1.4202637 , 1.39577649, 1.41686218, 1.40672351,
       1.40637408, 1.41730778, 1.38760951, 1.38756472, 1.42571524,
       1.38509955, 1.41866826, 1.41019359, 1.40885743, 1.39372491]), array([1.05404027, 1.05173956, 1.05705866, 1.05159989, 1.06159383,
       1.06041407, 1.06276182, 1.05792179, 1.06274941, 1.05551651,
       1.05654815, 1.05103961, 1.05776671, 1.05889402, 1.05833511,
       1.05496309, 1.0606679 , 1.05691469, 1.05433127, 1.06562458]), array([0.91402184, 0.91093716, 0.91328027, 0.91529149, 0.91357637,
       0.9131553 , 0.91241845, 0.91344802, 0.91708987, 0.91187602,
       0.91280466, 0.91292781, 0.9140591 , 0.91528254, 0.91478185,
       0.91400198, 0.91355322, 0.91680124, 0.91657261, 0.91589921]), array([0.90192937, 0.90030717, 0.9024034 , 0.9010109 , 0.90246974,
       0.90007585, 0.90270103, 0.90068242, 0.90094131, 0.90202131,
       0.90010426, 0.90123174, 0.90140815, 0.89870036, 0.89963839,
       0.9000017 , 0.90113478, 0.90120922, 0.89940843, 0.90213854])]
[array([0.39868398, 0.39802444, 0.3988789 , 0.39816351, 0.39840347,
       0.39972492, 0.39828639, 0.3996307 , 0.3995924 , 0.39658155,
       0.39975206, 0.39928685, 0.39773689, 0.39888596, 0.39906464,
       0.3988511 , 0.39874603, 0.39851776, 0.39847091, 0.39833172]), array([0.75912333, 0.76148287, 0.75449373, 0.75683309, 0.75924778,
       0.76076838, 0.75734241, 0.75663194, 0.76360432, 0.75882494,
       0.76122302, 0.7575124 , 0.75805621, 0.75719827, 0.75717412,
       0.75985337, 0.75635994, 0.76149683, 0.75749185, 0.75744201]), array([0.88473046, 0.88274235, 0.8831652 , 0.88469837, 0.88398403,
       0.88381387, 0.88148089, 0.8838115 , 0.88676778, 0.88204905,
       0.8825426 , 0.88388248, 0.8855217 , 0.8854078 , 0.88478804,
       0.88477035, 0.88438112, 0.88559322, 0.88625439, 0.88527618]), array([0.89947402, 0.89747004, 0.89951106, 0.89798405, 0.89924935,
       0.89660158, 0.89997981, 0.89735327, 0.89819312, 0.89894221,
       0.89698625, 0.89864094, 0.89832659, 0.89548946, 0.89717426,
       0.89736506, 0.89815855, 0.89858359, 0.8964939 , 0.89940253])]
iclmean [1.4099005010379162, 1.057524046353762, 0.914088950493628, 0.9009759031139447]
iclstd [0.014293091522050147, 0.003892118548756734, 0.0016167361403547273, 0.001081890123391539]
idgmean [0.3986807085510006, 0.7586080402978157, 0.8842830684261935, 0.8980689825098255]
idgstd [0.0007423448238220001, 0.002169598233747537, 0.0013532311270158443, 0.0011609380879529228]
