100
0.1
10.0
[array([1.56872017, 1.58208988, 1.572592  , 1.57990852, 1.56777076,
       1.56412693, 1.57580832, 1.56793731, 1.57946947, 1.58322368,
       1.57476316, 1.57248647, 1.56520423, 1.56709145, 1.5526522 ,
       1.56381816, 1.56227887, 1.57948459, 1.57150017, 1.57533405])]
[array([0.85743846, 0.85173414, 0.8608868 , 0.86061238, 0.8607801 ,
       0.86129253, 0.86056772, 0.85967407, 0.85624926, 0.85944843,
       0.86501317, 0.86180678, 0.86406321, 0.86172383, 0.86465672,
       0.86338146, 0.86094891, 0.86109399, 0.86187448, 0.8647834 ])]
[array([1.56872017, 1.58208988, 1.572592  , 1.57990852, 1.56777076,
       1.56412693, 1.57580832, 1.56793731, 1.57946947, 1.58322368,
       1.57476316, 1.57248647, 1.56520423, 1.56709145, 1.5526522 ,
       1.56381816, 1.56227887, 1.57948459, 1.57150017, 1.57533405]), array([1.36920167, 1.36703356, 1.36807478, 1.36978032, 1.36592731,
       1.36932192, 1.37153796, 1.36928206, 1.36532606, 1.3658291 ,
       1.37192724, 1.37099553, 1.36521568, 1.36933774, 1.36811918,
       1.36730117, 1.36454138, 1.36363298, 1.37151398, 1.36765557])]
[array([0.85743846, 0.85173414, 0.8608868 , 0.86061238, 0.8607801 ,
       0.86129253, 0.86056772, 0.85967407, 0.85624926, 0.85944843,
       0.86501317, 0.86180678, 0.86406321, 0.86172383, 0.86465672,
       0.86338146, 0.86094891, 0.86109399, 0.86187448, 0.8647834 ]), array([1.24134203, 1.240583  , 1.23985328, 1.24000357, 1.23746772,
       1.24094378, 1.24107764, 1.23971808, 1.24080547, 1.24209835,
       1.23593614, 1.24247081, 1.24421129, 1.24118041, 1.24056709,
       1.23842138, 1.24154494, 1.24038936, 1.23760909, 1.24049096])]
[array([1.56872017, 1.58208988, 1.572592  , 1.57990852, 1.56777076,
       1.56412693, 1.57580832, 1.56793731, 1.57946947, 1.58322368,
       1.57476316, 1.57248647, 1.56520423, 1.56709145, 1.5526522 ,
       1.56381816, 1.56227887, 1.57948459, 1.57150017, 1.57533405]), array([1.36920167, 1.36703356, 1.36807478, 1.36978032, 1.36592731,
       1.36932192, 1.37153796, 1.36928206, 1.36532606, 1.3658291 ,
       1.37192724, 1.37099553, 1.36521568, 1.36933774, 1.36811918,
       1.36730117, 1.36454138, 1.36363298, 1.37151398, 1.36765557]), array([1.31807367, 1.31946199, 1.31970689, 1.32125992, 1.31717441,
       1.31888298, 1.31988445, 1.31938969, 1.32187569, 1.31765672,
       1.31823602, 1.32029511, 1.31536404, 1.31547753, 1.32018407,
       1.3190379 , 1.31311259, 1.3173975 , 1.32240505, 1.31888031])]
[array([0.85743846, 0.85173414, 0.8608868 , 0.86061238, 0.8607801 ,
       0.86129253, 0.86056772, 0.85967407, 0.85624926, 0.85944843,
       0.86501317, 0.86180678, 0.86406321, 0.86172383, 0.86465672,
       0.86338146, 0.86094891, 0.86109399, 0.86187448, 0.8647834 ]), array([1.24134203, 1.240583  , 1.23985328, 1.24000357, 1.23746772,
       1.24094378, 1.24107764, 1.23971808, 1.24080547, 1.24209835,
       1.23593614, 1.24247081, 1.24421129, 1.24118041, 1.24056709,
       1.23842138, 1.24154494, 1.24038936, 1.23760909, 1.24049096]), array([1.30383471, 1.30598289, 1.30386586, 1.30717132, 1.30419274,
       1.30461733, 1.30618105, 1.30557675, 1.30841009, 1.30374524,
       1.30418426, 1.30613016, 1.30295687, 1.30303559, 1.30695777,
       1.30427962, 1.3006568 , 1.30398074, 1.3089054 , 1.30490124])]
[array([1.56872017, 1.58208988, 1.572592  , 1.57990852, 1.56777076,
       1.56412693, 1.57580832, 1.56793731, 1.57946947, 1.58322368,
       1.57476316, 1.57248647, 1.56520423, 1.56709145, 1.5526522 ,
       1.56381816, 1.56227887, 1.57948459, 1.57150017, 1.57533405]), array([1.36920167, 1.36703356, 1.36807478, 1.36978032, 1.36592731,
       1.36932192, 1.37153796, 1.36928206, 1.36532606, 1.3658291 ,
       1.37192724, 1.37099553, 1.36521568, 1.36933774, 1.36811918,
       1.36730117, 1.36454138, 1.36363298, 1.37151398, 1.36765557]), array([1.31807367, 1.31946199, 1.31970689, 1.32125992, 1.31717441,
       1.31888298, 1.31988445, 1.31938969, 1.32187569, 1.31765672,
       1.31823602, 1.32029511, 1.31536404, 1.31547753, 1.32018407,
       1.3190379 , 1.31311259, 1.3173975 , 1.32240505, 1.31888031]), array([1.31524803, 1.31149401, 1.31370253, 1.31111507, 1.3153685 ,
       1.31493902, 1.31518861, 1.31244194, 1.3109085 , 1.31326022,
       1.30923157, 1.31685567, 1.31002568, 1.31382754, 1.31297131,
       1.31522128, 1.31431611, 1.31312662, 1.31363495, 1.31367531])]
[array([0.85743846, 0.85173414, 0.8608868 , 0.86061238, 0.8607801 ,
       0.86129253, 0.86056772, 0.85967407, 0.85624926, 0.85944843,
       0.86501317, 0.86180678, 0.86406321, 0.86172383, 0.86465672,
       0.86338146, 0.86094891, 0.86109399, 0.86187448, 0.8647834 ]), array([1.24134203, 1.240583  , 1.23985328, 1.24000357, 1.23746772,
       1.24094378, 1.24107764, 1.23971808, 1.24080547, 1.24209835,
       1.23593614, 1.24247081, 1.24421129, 1.24118041, 1.24056709,
       1.23842138, 1.24154494, 1.24038936, 1.23760909, 1.24049096]), array([1.30383471, 1.30598289, 1.30386586, 1.30717132, 1.30419274,
       1.30461733, 1.30618105, 1.30557675, 1.30841009, 1.30374524,
       1.30418426, 1.30613016, 1.30295687, 1.30303559, 1.30695777,
       1.30427962, 1.3006568 , 1.30398074, 1.3089054 , 1.30490124]), array([1.31396378, 1.3103123 , 1.31229601, 1.30960987, 1.31400266,
       1.31348489, 1.31385743, 1.31123421, 1.30960524, 1.31182741,
       1.30741867, 1.3154659 , 1.30833345, 1.31223096, 1.31139162,
       1.31373923, 1.3129841 , 1.3112037 , 1.31258601, 1.31214176])]
iclmean [1.5713130198171839, 1.3680777604014307, 1.3186878270588338, 1.3133276236026163]
iclstd [0.007549757094560491, 0.0024024983736741336, 0.002204708465588564, 0.0019271163369778417]
idgmean [0.8609014926195651, 1.2403357190892934, 1.3049783218181588, 1.3118844608720301]
idgstd [0.0030525597702937505, 0.0018243071643341934, 0.001917501852203615, 0.002001423045408051]
