100
0.1
10.0
[array([1.57733861, 1.58728611, 1.56516722, 1.57169109, 1.57627902,
       1.56847051, 1.56318041, 1.55354348, 1.56739703, 1.56170995,
       1.55734339, 1.57867817, 1.56274294, 1.58331149, 1.54342004,
       1.56980406, 1.58024974, 1.5810906 , 1.58014247, 1.57561462])]
[array([0.86463056, 0.85632787, 0.86194786, 0.86386718, 0.86188062,
       0.86140482, 0.86584182, 0.85607372, 0.86563609, 0.86191783,
       0.86506364, 0.86232305, 0.85671102, 0.85916585, 0.8578913 ,
       0.86012656, 0.86324592, 0.86059795, 0.86554009, 0.85579044])]
[array([1.57733861, 1.58728611, 1.56516722, 1.57169109, 1.57627902,
       1.56847051, 1.56318041, 1.55354348, 1.56739703, 1.56170995,
       1.55734339, 1.57867817, 1.56274294, 1.58331149, 1.54342004,
       1.56980406, 1.58024974, 1.5810906 , 1.58014247, 1.57561462]), array([1.37162918, 1.37117491, 1.3639564 , 1.3635461 , 1.37051855,
       1.37066272, 1.36511596, 1.36600951, 1.36209095, 1.36545653,
       1.36491085, 1.36631951, 1.36617326, 1.36547211, 1.3646567 ,
       1.36853396, 1.36959775, 1.36902534, 1.36881383, 1.37012073])]
[array([0.86463056, 0.85632787, 0.86194786, 0.86386718, 0.86188062,
       0.86140482, 0.86584182, 0.85607372, 0.86563609, 0.86191783,
       0.86506364, 0.86232305, 0.85671102, 0.85916585, 0.8578913 ,
       0.86012656, 0.86324592, 0.86059795, 0.86554009, 0.85579044]), array([1.2405236 , 1.24163316, 1.24095275, 1.24089639, 1.24249844,
       1.24388554, 1.23611668, 1.24388928, 1.23902629, 1.24224506,
       1.24069105, 1.24141004, 1.24044691, 1.23725571, 1.240922  ,
       1.24261431, 1.24325161, 1.24123191, 1.24405379, 1.24759127])]
[array([1.57733861, 1.58728611, 1.56516722, 1.57169109, 1.57627902,
       1.56847051, 1.56318041, 1.55354348, 1.56739703, 1.56170995,
       1.55734339, 1.57867817, 1.56274294, 1.58331149, 1.54342004,
       1.56980406, 1.58024974, 1.5810906 , 1.58014247, 1.57561462]), array([1.37162918, 1.37117491, 1.3639564 , 1.3635461 , 1.37051855,
       1.37066272, 1.36511596, 1.36600951, 1.36209095, 1.36545653,
       1.36491085, 1.36631951, 1.36617326, 1.36547211, 1.3646567 ,
       1.36853396, 1.36959775, 1.36902534, 1.36881383, 1.37012073]), array([1.31849296, 1.32075656, 1.32017328, 1.31732369, 1.31787307,
       1.32195   , 1.31658644, 1.31902944, 1.31745627, 1.31736845,
       1.3174234 , 1.31857704, 1.3187728 , 1.31769898, 1.31422144,
       1.32176579, 1.31956888, 1.32011149, 1.31949413, 1.32008833])]
[array([0.86463056, 0.85632787, 0.86194786, 0.86386718, 0.86188062,
       0.86140482, 0.86584182, 0.85607372, 0.86563609, 0.86191783,
       0.86506364, 0.86232305, 0.85671102, 0.85916585, 0.8578913 ,
       0.86012656, 0.86324592, 0.86059795, 0.86554009, 0.85579044]), array([1.2405236 , 1.24163316, 1.24095275, 1.24089639, 1.24249844,
       1.24388554, 1.23611668, 1.24388928, 1.23902629, 1.24224506,
       1.24069105, 1.24141004, 1.24044691, 1.23725571, 1.240922  ,
       1.24261431, 1.24325161, 1.24123191, 1.24405379, 1.24759127]), array([1.30488102, 1.30745609, 1.30719907, 1.30308541, 1.3039229 ,
       1.30746329, 1.30310193, 1.30598863, 1.30413476, 1.30354164,
       1.30354315, 1.30562974, 1.30529258, 1.30412931, 1.30051774,
       1.30743737, 1.30538055, 1.30580854, 1.30552775, 1.30653695])]
[array([1.57733861, 1.58728611, 1.56516722, 1.57169109, 1.57627902,
       1.56847051, 1.56318041, 1.55354348, 1.56739703, 1.56170995,
       1.55734339, 1.57867817, 1.56274294, 1.58331149, 1.54342004,
       1.56980406, 1.58024974, 1.5810906 , 1.58014247, 1.57561462]), array([1.37162918, 1.37117491, 1.3639564 , 1.3635461 , 1.37051855,
       1.37066272, 1.36511596, 1.36600951, 1.36209095, 1.36545653,
       1.36491085, 1.36631951, 1.36617326, 1.36547211, 1.3646567 ,
       1.36853396, 1.36959775, 1.36902534, 1.36881383, 1.37012073]), array([1.31849296, 1.32075656, 1.32017328, 1.31732369, 1.31787307,
       1.32195   , 1.31658644, 1.31902944, 1.31745627, 1.31736845,
       1.3174234 , 1.31857704, 1.3187728 , 1.31769898, 1.31422144,
       1.32176579, 1.31956888, 1.32011149, 1.31949413, 1.32008833]), array([1.31524863, 1.31335511, 1.31245048, 1.31405797, 1.31654716,
       1.31836511, 1.31563282, 1.31323916, 1.3136236 , 1.31362582,
       1.31112112, 1.31056699, 1.31478089, 1.31620121, 1.31149312,
       1.31402567, 1.31351683, 1.31522481, 1.31401473, 1.31364643])]
[array([0.86463056, 0.85632787, 0.86194786, 0.86386718, 0.86188062,
       0.86140482, 0.86584182, 0.85607372, 0.86563609, 0.86191783,
       0.86506364, 0.86232305, 0.85671102, 0.85916585, 0.8578913 ,
       0.86012656, 0.86324592, 0.86059795, 0.86554009, 0.85579044]), array([1.2405236 , 1.24163316, 1.24095275, 1.24089639, 1.24249844,
       1.24388554, 1.23611668, 1.24388928, 1.23902629, 1.24224506,
       1.24069105, 1.24141004, 1.24044691, 1.23725571, 1.240922  ,
       1.24261431, 1.24325161, 1.24123191, 1.24405379, 1.24759127]), array([1.30488102, 1.30745609, 1.30719907, 1.30308541, 1.3039229 ,
       1.30746329, 1.30310193, 1.30598863, 1.30413476, 1.30354164,
       1.30354315, 1.30562974, 1.30529258, 1.30412931, 1.30051774,
       1.30743737, 1.30538055, 1.30580854, 1.30552775, 1.30653695]), array([1.3136919 , 1.31213751, 1.31092263, 1.31282157, 1.31517097,
       1.31690171, 1.31396313, 1.31195552, 1.31246841, 1.31210069,
       1.30976981, 1.30924303, 1.31348678, 1.31469582, 1.31029681,
       1.31216255, 1.31210653, 1.31373815, 1.31274465, 1.31239851])]
iclmean [1.570223046973821, 1.3671892425307257, 1.3187366214539396, 1.3140368834395273]
iclstd [0.010832408048902873, 0.002790271651471373, 0.0018009193851513247, 0.001831578321753965]
idgmean [0.8612992094316659, 1.2415567898514017, 1.305028920557794, 1.3126388348134934]
idgstd [0.0032919049418209624, 0.0024263946494801412, 0.001761366355822253, 0.0017811201736943872]
