100
5.0
10.0
[array([1.42694407, 1.40830183, 1.39838832, 1.4472057 , 1.40523277,
       1.42523554, 1.42240497, 1.46457103, 1.40890504, 1.41486252,
       1.43013192, 1.39819552, 1.42145693, 1.41924672, 1.43040375,
       1.41797336, 1.43242863, 1.44603996, 1.44565994, 1.41795224])]
[array([0.30504512, 0.30417688, 0.30522041, 0.30557449, 0.30412828,
       0.30570289, 0.30507052, 0.30488941, 0.30523312, 0.30524876,
       0.30480269, 0.30401324, 0.30547005, 0.30573382, 0.30551134,
       0.30509023, 0.30434709, 0.30457233, 0.30475406, 0.30475979])]
[array([1.42694407, 1.40830183, 1.39838832, 1.4472057 , 1.40523277,
       1.42523554, 1.42240497, 1.46457103, 1.40890504, 1.41486252,
       1.43013192, 1.39819552, 1.42145693, 1.41924672, 1.43040375,
       1.41797336, 1.43242863, 1.44603996, 1.44565994, 1.41795224]), array([0.70222032, 0.70897547, 0.70759203, 0.70296664, 0.70291288,
       0.71359501, 0.69754249, 0.70469508, 0.7082689 , 0.70697943,
       0.70476466, 0.7136333 , 0.70958491, 0.70813327, 0.71097055,
       0.70978105, 0.71342289, 0.70515801, 0.70444308, 0.70210302])]
[array([0.30504512, 0.30417688, 0.30522041, 0.30557449, 0.30412828,
       0.30570289, 0.30507052, 0.30488941, 0.30523312, 0.30524876,
       0.30480269, 0.30401324, 0.30547005, 0.30573382, 0.30551134,
       0.30509023, 0.30434709, 0.30457233, 0.30475406, 0.30475979]), array([0.44976622, 0.44936141, 0.44801344, 0.44769123, 0.44822988,
       0.4499505 , 0.4474807 , 0.44776146, 0.44828419, 0.44792974,
       0.44953774, 0.44535338, 0.44700322, 0.44881528, 0.44903787,
       0.44699197, 0.44711881, 0.4485949 , 0.44973658, 0.44833756])]
[array([1.42694407, 1.40830183, 1.39838832, 1.4472057 , 1.40523277,
       1.42523554, 1.42240497, 1.46457103, 1.40890504, 1.41486252,
       1.43013192, 1.39819552, 1.42145693, 1.41924672, 1.43040375,
       1.41797336, 1.43242863, 1.44603996, 1.44565994, 1.41795224]), array([0.70222032, 0.70897547, 0.70759203, 0.70296664, 0.70291288,
       0.71359501, 0.69754249, 0.70469508, 0.7082689 , 0.70697943,
       0.70476466, 0.7136333 , 0.70958491, 0.70813327, 0.71097055,
       0.70978105, 0.71342289, 0.70515801, 0.70444308, 0.70210302]), array([0.51138405, 0.51009003, 0.5111073 , 0.51022694, 0.50940595,
       0.51000925, 0.50979446, 0.50817598, 0.50904453, 0.50848303,
       0.51056199, 0.51005971, 0.50995642, 0.51067668, 0.50728065,
       0.50956519, 0.50908254, 0.50974003, 0.5100236 , 0.51056173])]
[array([0.30504512, 0.30417688, 0.30522041, 0.30557449, 0.30412828,
       0.30570289, 0.30507052, 0.30488941, 0.30523312, 0.30524876,
       0.30480269, 0.30401324, 0.30547005, 0.30573382, 0.30551134,
       0.30509023, 0.30434709, 0.30457233, 0.30475406, 0.30475979]), array([0.44976622, 0.44936141, 0.44801344, 0.44769123, 0.44822988,
       0.4499505 , 0.4474807 , 0.44776146, 0.44828419, 0.44792974,
       0.44953774, 0.44535338, 0.44700322, 0.44881528, 0.44903787,
       0.44699197, 0.44711881, 0.4485949 , 0.44973658, 0.44833756]), array([0.49985227, 0.49958135, 0.4998754 , 0.49895093, 0.49899958,
       0.49912244, 0.4986982 , 0.49813088, 0.49853868, 0.49793171,
       0.49961071, 0.49927003, 0.49936486, 0.49981135, 0.49701069,
       0.49820608, 0.49842791, 0.49865134, 0.49919057, 0.49997639])]
[array([1.42694407, 1.40830183, 1.39838832, 1.4472057 , 1.40523277,
       1.42523554, 1.42240497, 1.46457103, 1.40890504, 1.41486252,
       1.43013192, 1.39819552, 1.42145693, 1.41924672, 1.43040375,
       1.41797336, 1.43242863, 1.44603996, 1.44565994, 1.41795224]), array([0.70222032, 0.70897547, 0.70759203, 0.70296664, 0.70291288,
       0.71359501, 0.69754249, 0.70469508, 0.7082689 , 0.70697943,
       0.70476466, 0.7136333 , 0.70958491, 0.70813327, 0.71097055,
       0.70978105, 0.71342289, 0.70515801, 0.70444308, 0.70210302]), array([0.51138405, 0.51009003, 0.5111073 , 0.51022694, 0.50940595,
       0.51000925, 0.50979446, 0.50817598, 0.50904453, 0.50848303,
       0.51056199, 0.51005971, 0.50995642, 0.51067668, 0.50728065,
       0.50956519, 0.50908254, 0.50974003, 0.5100236 , 0.51056173]), array([0.50309871, 0.50339182, 0.50300582, 0.50192847, 0.50323112,
       0.50217953, 0.50368229, 0.50282616, 0.50357955, 0.50334624,
       0.50453392, 0.50240652, 0.50381566, 0.50308409, 0.5032332 ,
       0.50154597, 0.50359445, 0.50225461, 0.50191265, 0.50193615])]
[array([0.30504512, 0.30417688, 0.30522041, 0.30557449, 0.30412828,
       0.30570289, 0.30507052, 0.30488941, 0.30523312, 0.30524876,
       0.30480269, 0.30401324, 0.30547005, 0.30573382, 0.30551134,
       0.30509023, 0.30434709, 0.30457233, 0.30475406, 0.30475979]), array([0.44976622, 0.44936141, 0.44801344, 0.44769123, 0.44822988,
       0.4499505 , 0.4474807 , 0.44776146, 0.44828419, 0.44792974,
       0.44953774, 0.44535338, 0.44700322, 0.44881528, 0.44903787,
       0.44699197, 0.44711881, 0.4485949 , 0.44973658, 0.44833756]), array([0.49985227, 0.49958135, 0.4998754 , 0.49895093, 0.49899958,
       0.49912244, 0.4986982 , 0.49813088, 0.49853868, 0.49793171,
       0.49961071, 0.49927003, 0.49936486, 0.49981135, 0.49701069,
       0.49820608, 0.49842791, 0.49865134, 0.49919057, 0.49997639]), array([0.50211756, 0.50235455, 0.50186263, 0.50096009, 0.50231621,
       0.50119094, 0.50288422, 0.50196257, 0.50256208, 0.50242421,
       0.50364654, 0.50141624, 0.50283399, 0.50222555, 0.5022164 ,
       0.5005577 , 0.5026571 , 0.50119396, 0.50100402, 0.50092995])]
iclmean [1.4240770369043254, 0.7068871511524687, 0.5097615028582543, 0.502929347700465]
iclstd [0.01678611645167172, 0.004214888328429409, 0.0009640702695341411, 0.0007635080821330189]
idgmean [0.30496722596920894, 0.44824980475928855, 0.4989600682552572, 0.5019658257855998]
idgstd [0.0005095653781090347, 0.001128514228434819, 0.000751004266414455, 0.0007872093219586169]
