80
1.0
100.0
[array([1.37309792, 1.35853434, 1.35615151, 1.37376629, 1.36300748,
       1.36380167, 1.33348509, 1.38064353, 1.39571555, 1.35096484,
       1.35026463, 1.38583439, 1.35164677, 1.39786952, 1.36043221,
       1.3555641 , 1.35948968, 1.37185789, 1.36484307, 1.36054162])]
[array([0.36198584, 0.36139936, 0.36166953, 0.36127739, 0.36164601,
       0.36161206, 0.36148466, 0.36179639, 0.36193069, 0.36177848,
       0.36134519, 0.36167706, 0.36166605, 0.36193213, 0.36128776,
       0.36150475, 0.36135112, 0.3616123 , 0.36164049, 0.36184166])]
[array([1.37309792, 1.35853434, 1.35615151, 1.37376629, 1.36300748,
       1.36380167, 1.33348509, 1.38064353, 1.39571555, 1.35096484,
       1.35026463, 1.38583439, 1.35164677, 1.39786952, 1.36043221,
       1.3555641 , 1.35948968, 1.37185789, 1.36484307, 1.36054162]), array([0.97148371, 0.97685534, 0.97939158, 0.9738355 , 0.97515463,
       0.97682138, 0.97923457, 0.9765103 , 0.97631032, 0.97564864,
       0.98256856, 0.97446998, 0.97733994, 0.97546588, 0.97778065,
       0.97493346, 0.977254  , 0.97370929, 0.97565879, 0.97181191])]
[array([0.36198584, 0.36139936, 0.36166953, 0.36127739, 0.36164601,
       0.36161206, 0.36148466, 0.36179639, 0.36193069, 0.36177848,
       0.36134519, 0.36167706, 0.36166605, 0.36193213, 0.36128776,
       0.36150475, 0.36135112, 0.3616123 , 0.36164049, 0.36184166]), array([0.69152957, 0.69049703, 0.68560353, 0.69063371, 0.68851116,
       0.68741929, 0.68730859, 0.68846186, 0.68777186, 0.68708194,
       0.68330368, 0.69021429, 0.68703817, 0.68864753, 0.68728958,
       0.68921735, 0.68570893, 0.68923002, 0.68917772, 0.69157705])]
[array([1.37309792, 1.35853434, 1.35615151, 1.37376629, 1.36300748,
       1.36380167, 1.33348509, 1.38064353, 1.39571555, 1.35096484,
       1.35026463, 1.38583439, 1.35164677, 1.39786952, 1.36043221,
       1.3555641 , 1.35948968, 1.37185789, 1.36484307, 1.36054162]), array([0.97148371, 0.97685534, 0.97939158, 0.9738355 , 0.97515463,
       0.97682138, 0.97923457, 0.9765103 , 0.97631032, 0.97564864,
       0.98256856, 0.97446998, 0.97733994, 0.97546588, 0.97778065,
       0.97493346, 0.977254  , 0.97370929, 0.97565879, 0.97181191]), array([0.83038871, 0.83046989, 0.83129417, 0.83040559, 0.82987873,
       0.8308073 , 0.8306226 , 0.83004205, 0.83056621, 0.83037607,
       0.83041259, 0.8309618 , 0.82999757, 0.83027648, 0.83059413,
       0.83011249, 0.83032865, 0.83054325, 0.83066267, 0.83079776])]
[array([0.36198584, 0.36139936, 0.36166953, 0.36127739, 0.36164601,
       0.36161206, 0.36148466, 0.36179639, 0.36193069, 0.36177848,
       0.36134519, 0.36167706, 0.36166605, 0.36193213, 0.36128776,
       0.36150475, 0.36135112, 0.3616123 , 0.36164049, 0.36184166]), array([0.69152957, 0.69049703, 0.68560353, 0.69063371, 0.68851116,
       0.68741929, 0.68730859, 0.68846186, 0.68777186, 0.68708194,
       0.68330368, 0.69021429, 0.68703817, 0.68864753, 0.68728958,
       0.68921735, 0.68570893, 0.68923002, 0.68917772, 0.69157705]), array([0.80194609, 0.80273908, 0.80202321, 0.80284869, 0.80272501,
       0.80266121, 0.80293334, 0.80245222, 0.80251754, 0.80293288,
       0.80243388, 0.80167895, 0.80344933, 0.80301395, 0.80279038,
       0.8027438 , 0.80271051, 0.80273246, 0.80236616, 0.80165505])]
[array([1.37309792, 1.35853434, 1.35615151, 1.37376629, 1.36300748,
       1.36380167, 1.33348509, 1.38064353, 1.39571555, 1.35096484,
       1.35026463, 1.38583439, 1.35164677, 1.39786952, 1.36043221,
       1.3555641 , 1.35948968, 1.37185789, 1.36484307, 1.36054162]), array([0.97148371, 0.97685534, 0.97939158, 0.9738355 , 0.97515463,
       0.97682138, 0.97923457, 0.9765103 , 0.97631032, 0.97564864,
       0.98256856, 0.97446998, 0.97733994, 0.97546588, 0.97778065,
       0.97493346, 0.977254  , 0.97370929, 0.97565879, 0.97181191]), array([0.83038871, 0.83046989, 0.83129417, 0.83040559, 0.82987873,
       0.8308073 , 0.8306226 , 0.83004205, 0.83056621, 0.83037607,
       0.83041259, 0.8309618 , 0.82999757, 0.83027648, 0.83059413,
       0.83011249, 0.83032865, 0.83054325, 0.83066267, 0.83079776]), array([0.81757892, 0.81752041, 0.81761522, 0.81799969, 0.81743947,
       0.81758055, 0.8178184 , 0.81746125, 0.81772031, 0.8179089 ,
       0.81760906, 0.81772808, 0.8179629 , 0.81788738, 0.81775666,
       0.8177019 , 0.81781468, 0.81730498, 0.81774812, 0.81786903])]
[array([0.36198584, 0.36139936, 0.36166953, 0.36127739, 0.36164601,
       0.36161206, 0.36148466, 0.36179639, 0.36193069, 0.36177848,
       0.36134519, 0.36167706, 0.36166605, 0.36193213, 0.36128776,
       0.36150475, 0.36135112, 0.3616123 , 0.36164049, 0.36184166]), array([0.69152957, 0.69049703, 0.68560353, 0.69063371, 0.68851116,
       0.68741929, 0.68730859, 0.68846186, 0.68777186, 0.68708194,
       0.68330368, 0.69021429, 0.68703817, 0.68864753, 0.68728958,
       0.68921735, 0.68570893, 0.68923002, 0.68917772, 0.69157705]), array([0.80194609, 0.80273908, 0.80202321, 0.80284869, 0.80272501,
       0.80266121, 0.80293334, 0.80245222, 0.80251754, 0.80293288,
       0.80243388, 0.80167895, 0.80344933, 0.80301395, 0.80279038,
       0.8027438 , 0.80271051, 0.80273246, 0.80236616, 0.80165505]), array([0.81476738, 0.81470994, 0.81483313, 0.81521746, 0.81483782,
       0.81498763, 0.81503939, 0.81473403, 0.81492173, 0.81521815,
       0.81494861, 0.81503908, 0.81517313, 0.81503424, 0.81497097,
       0.81508006, 0.81511001, 0.81453537, 0.81494513, 0.81513498])]
iclmean [1.3653756056590258, 0.9761119217230902, 0.8304769370615078, 0.817701295708852]
iclstd [0.015428161972842126, 0.0025074896388705987, 0.0003313492300331848, 0.0001813390303061332]
idgmean [0.36162194589546803, 0.68831114227204, 0.8025676863702188, 0.8149619119673568]
idgstd [0.00021189484377399538, 0.0020353737678550274, 0.0004412169312575105, 0.0001772866882668832]
