100
0.1
5.0
[array([1.68327295, 1.70907938, 1.71452034, 1.70220573, 1.69818686,
       1.70644747, 1.71373472, 1.70236398, 1.69765913, 1.69606904,
       1.70365641, 1.69984744, 1.70337174, 1.67820649, 1.70652765,
       1.69954204, 1.69045593, 1.71128169, 1.69985176, 1.70208296])]
[array([0.98077   , 0.97720564, 0.977212  , 0.98337201, 0.97134177,
       0.97788965, 0.97460209, 0.97280463, 0.97719945, 0.97830753,
       0.97667823, 0.98070228, 0.97686215, 0.96706367, 0.97488515,
       0.97844741, 0.97087684, 0.97586941, 0.9733042 , 0.9764649 ])]
[array([1.68327295, 1.70907938, 1.71452034, 1.70220573, 1.69818686,
       1.70644747, 1.71373472, 1.70236398, 1.69765913, 1.69606904,
       1.70365641, 1.69984744, 1.70337174, 1.67820649, 1.70652765,
       1.69954204, 1.69045593, 1.71128169, 1.69985176, 1.70208296]), array([1.54386462, 1.54861709, 1.54118241, 1.53501979, 1.53577614,
       1.54047441, 1.54136568, 1.5404932 , 1.53930815, 1.53782448,
       1.54404265, 1.52866811, 1.5425038 , 1.54438662, 1.54022293,
       1.52796737, 1.541269  , 1.54259905, 1.54607093, 1.54439336])]
[array([0.98077   , 0.97720564, 0.977212  , 0.98337201, 0.97134177,
       0.97788965, 0.97460209, 0.97280463, 0.97719945, 0.97830753,
       0.97667823, 0.98070228, 0.97686215, 0.96706367, 0.97488515,
       0.97844741, 0.97087684, 0.97586941, 0.9733042 , 0.9764649 ]), array([1.41474412, 1.41095201, 1.41166256, 1.40620302, 1.40260421,
       1.40939511, 1.4101902 , 1.41049801, 1.41169241, 1.40796249,
       1.41449256, 1.40075225, 1.41242396, 1.41364388, 1.41250391,
       1.40507904, 1.40596349, 1.41299118, 1.41911384, 1.41031052])]
[array([1.68327295, 1.70907938, 1.71452034, 1.70220573, 1.69818686,
       1.70644747, 1.71373472, 1.70236398, 1.69765913, 1.69606904,
       1.70365641, 1.69984744, 1.70337174, 1.67820649, 1.70652765,
       1.69954204, 1.69045593, 1.71128169, 1.69985176, 1.70208296]), array([1.54386462, 1.54861709, 1.54118241, 1.53501979, 1.53577614,
       1.54047441, 1.54136568, 1.5404932 , 1.53930815, 1.53782448,
       1.54404265, 1.52866811, 1.5425038 , 1.54438662, 1.54022293,
       1.52796737, 1.541269  , 1.54259905, 1.54607093, 1.54439336]), array([1.48596125, 1.49264716, 1.49569834, 1.48869805, 1.48929748,
       1.49957536, 1.4991996 , 1.49612373, 1.50133407, 1.49973586,
       1.49331638, 1.49501555, 1.49117756, 1.50898433, 1.49263462,
       1.49145971, 1.4988463 , 1.49909294, 1.49747667, 1.49605125])]
[array([0.98077   , 0.97720564, 0.977212  , 0.98337201, 0.97134177,
       0.97788965, 0.97460209, 0.97280463, 0.97719945, 0.97830753,
       0.97667823, 0.98070228, 0.97686215, 0.96706367, 0.97488515,
       0.97844741, 0.97087684, 0.97586941, 0.9733042 , 0.9764649 ]), array([1.41474412, 1.41095201, 1.41166256, 1.40620302, 1.40260421,
       1.40939511, 1.4101902 , 1.41049801, 1.41169241, 1.40796249,
       1.41449256, 1.40075225, 1.41242396, 1.41364388, 1.41250391,
       1.40507904, 1.40596349, 1.41299118, 1.41911384, 1.41031052]), array([1.47320568, 1.47877744, 1.48132503, 1.47360465, 1.47472633,
       1.48647259, 1.48490613, 1.48363906, 1.48642636, 1.48684323,
       1.47984728, 1.48204659, 1.47889305, 1.49664257, 1.47767937,
       1.47753657, 1.485611  , 1.4855287 , 1.48392717, 1.48391598])]
[array([1.68327295, 1.70907938, 1.71452034, 1.70220573, 1.69818686,
       1.70644747, 1.71373472, 1.70236398, 1.69765913, 1.69606904,
       1.70365641, 1.69984744, 1.70337174, 1.67820649, 1.70652765,
       1.69954204, 1.69045593, 1.71128169, 1.69985176, 1.70208296]), array([1.54386462, 1.54861709, 1.54118241, 1.53501979, 1.53577614,
       1.54047441, 1.54136568, 1.5404932 , 1.53930815, 1.53782448,
       1.54404265, 1.52866811, 1.5425038 , 1.54438662, 1.54022293,
       1.52796737, 1.541269  , 1.54259905, 1.54607093, 1.54439336]), array([1.48596125, 1.49264716, 1.49569834, 1.48869805, 1.48929748,
       1.49957536, 1.4991996 , 1.49612373, 1.50133407, 1.49973586,
       1.49331638, 1.49501555, 1.49117756, 1.50898433, 1.49263462,
       1.49145971, 1.4988463 , 1.49909294, 1.49747667, 1.49605125]), array([1.48645638, 1.48993107, 1.50063103, 1.49502656, 1.4923153 ,
       1.49305222, 1.49918344, 1.49197492, 1.49710388, 1.48796173,
       1.49970945, 1.48612482, 1.4897958 , 1.49906063, 1.48951662,
       1.49352604, 1.48436215, 1.49361678, 1.48979688, 1.48927264])]
[array([0.98077   , 0.97720564, 0.977212  , 0.98337201, 0.97134177,
       0.97788965, 0.97460209, 0.97280463, 0.97719945, 0.97830753,
       0.97667823, 0.98070228, 0.97686215, 0.96706367, 0.97488515,
       0.97844741, 0.97087684, 0.97586941, 0.9733042 , 0.9764649 ]), array([1.41474412, 1.41095201, 1.41166256, 1.40620302, 1.40260421,
       1.40939511, 1.4101902 , 1.41049801, 1.41169241, 1.40796249,
       1.41449256, 1.40075225, 1.41242396, 1.41364388, 1.41250391,
       1.40507904, 1.40596349, 1.41299118, 1.41911384, 1.41031052]), array([1.47320568, 1.47877744, 1.48132503, 1.47360465, 1.47472633,
       1.48647259, 1.48490613, 1.48363906, 1.48642636, 1.48684323,
       1.47984728, 1.48204659, 1.47889305, 1.49664257, 1.47767937,
       1.47753657, 1.485611  , 1.4855287 , 1.48392717, 1.48391598]), array([1.48527778, 1.48831436, 1.49939998, 1.49412453, 1.49079752,
       1.49176634, 1.49837663, 1.49110899, 1.49527396, 1.48657174,
       1.49782348, 1.48510524, 1.48821611, 1.49784681, 1.48781349,
       1.49246453, 1.48289738, 1.49147309, 1.48832016, 1.48768339])]
iclmean [1.7009181856109408, 1.5403024903619453, 1.495616311177325, 1.492420916829218]
iclstd [0.00890606222053438, 0.00509200074770043, 0.005121828277410559, 0.004694108350343856]
idgmean [0.97609295004951, 1.4101589381491022, 1.4820777388913355, 1.4910327753571682]
idgstd [0.0036619649519158415, 0.004278985167152164, 0.005411995998648091, 0.004719542630782754]
