mkdir: cannot create directory ‘resultsdump/job_a2p5_shift1_redo’: File exists
mkdir: cannot create directory ‘resultsdump/job_a2p5_shift1_redo/pickles’: File exists
2024-09-17 21:22:44.454848: E external/xla/xla/stream_executor/stream.cc:332] Error recording event in stream: Error recording CUDA event: CUDA_ERROR_ILLEGAL_INSTRUCTION: an illegal instruction was encountered; not marking stream as bad, as the Event object may be at fault. Monitor for further errors.
2024-09-17 21:22:44.455026: E external/xla/xla/stream_executor/cuda/cuda_executor.cc:810] failed to record completion event; therefore, failed to create inter-stream dependency
2024-09-17 21:22:44.455058: E external/xla/xla/stream_executor/stream.cc:332] Error recording event in stream: Error recording CUDA event: CUDA_ERROR_ILLEGAL_INSTRUCTION: an illegal instruction was encountered; not marking stream as bad, as the Event object may be at fault. Monitor for further errors.
2024-09-17 21:22:44.455150: E external/xla/xla/stream_executor/cuda/cuda_driver.cc:1437] unable to add host callback: CUDA_ERROR_ILLEGAL_INSTRUCTION: an illegal instruction was encountered
2024-09-17 21:22:44.455184: E external/xla/xla/stream_executor/cuda/cuda_driver.cc:1437] unable to add host callback: CUDA_ERROR_ILLEGAL_INSTRUCTION: an illegal instruction was encountered
2024-09-17 21:22:44.455219: E external/xla/xla/stream_executor/cuda/cuda_driver.cc:1872] could not wait stream on event: CUDA_ERROR_ILLEGAL_INSTRUCTION: an illegal instruction was encountered
2024-09-17 21:22:44.455381: E external/xla/xla/stream_executor/stream.cc:928] Error waiting for event in stream: error recording waiting for CUDA event on stream 0x5610a4806860; not marking stream as bad, as the Event object may be at fault. Monitor for further errors.
2024-09-17 21:22:44.455404: E external/xla/xla/stream_executor/cuda/cuda_driver.cc:1872] could not wait stream on event: CUDA_ERROR_ILLEGAL_INSTRUCTION: an illegal instruction was encountered
2024-09-17 21:22:44.455425: E external/xla/xla/stream_executor/stream.cc:928] Error waiting for event in stream: error recording waiting for CUDA event on stream 0x5610a4806860; not marking stream as bad, as the Event object may be at fault. Monitor for further errors.
2024-09-17 21:22:44.455556: W external/xla/xla/service/gpu/runtime/support.cc:58] Intercepted XLA runtime error:
INTERNAL: CaptureGpuGraph failed (<no details>): INTERNAL: Failed to begin stream capture: CUDA_ERROR_ILLEGAL_INSTRUCTION: an illegal instruction was encountered
2024-09-17 21:22:44.455609: E external/xla/xla/pjrt/pjrt_stream_executor_client.cc:2732] Execution of replica 0 failed: INTERNAL: Failed to execute XLA Runtime executable: run time error: custom call 'xla.gpu.graph.launch' failed: CaptureGpuGraph failed (<no details>): INTERNAL: Failed to begin stream capture: CUDA_ERROR_ILLEGAL_INSTRUCTION: an illegal instruction was encountered; current tracing scope: cuda_graph/xla.gpu.graph.capture; current profiling annotation: XlaModule:#prefix=jit(train_step)/jit(main),hlo_module=jit_train_step,program_id=186#.
Traceback (most recent call last):
  File "/n/holyscratch01/pehlevan_lab/Lab/mletey/icl-asymptotic/Nonlinear/experiment/remote/alpha_shift/run.py", line 30, in <module>
    state, hist = train(config, data_iter=iter(trainobject), idg_iter = iter(idgobject), test_iter=iter(testobject), loss='mse', batch_size=int(0.1*P), test_every=500, train_iters=10000, optim=optax.adamw,lr=1e-4)
                  ^^^^^^^^^^^^^^^^^^^^^^^^^^^^^^^^^^^^^^^^^^^^^^^^^^^^^^^^^^^^^^^^^^^^^^^^^^^^^^^^^^^^^^^^^^^^^^^^^^^^^^^^^^^^^^^^^^^^^^^^^^^^^^^^^^^^^^^^^^^^^^^^^^^^^^^^^^^^^^^^^^^^^^^^^^^^^^^^^^^^^^^^^^^^^^^^^^^
  File "/n/holyscratch01/pehlevan_lab/Lab/mletey/icl-asymptotic/Nonlinear/experiment/remote/alpha_shift/../../../trainmini.py", line 181, in train
    state = train_step(state, minibatchi, loss=loss, l1_weight=l1_weight, l2_weight=l2_weight)
            ^^^^^^^^^^^^^^^^^^^^^^^^^^^^^^^^^^^^^^^^^^^^^^^^^^^^^^^^^^^^^^^^^^^^^^^^^^^^^^^^^^
ValueError: INTERNAL: Failed to execute XLA Runtime executable: run time error: custom call 'xla.gpu.graph.launch' failed: CaptureGpuGraph failed (<no details>): INTERNAL: Failed to begin stream capture: CUDA_ERROR_ILLEGAL_INSTRUCTION: an illegal instruction was encountered; current tracing scope: cuda_graph/xla.gpu.graph.capture; current profiling annotation: XlaModule:#prefix=jit(train_step)/jit(main),hlo_module=jit_train_step,program_id=186#.
2024-09-17 21:22:44.563484: E external/xla/xla/stream_executor/cuda/cuda_driver.cc:1486] failed to unload module 0x5610a557da40; leaking: CUDA_ERROR_ILLEGAL_INSTRUCTION: an illegal instruction was encountered
2024-09-17 21:22:44.564601: E external/xla/xla/stream_executor/cuda/cuda_driver.cc:1486] failed to unload module 0x5610a5a95eb0; leaking: CUDA_ERROR_ILLEGAL_INSTRUCTION: an illegal instruction was encountered
2024-09-17 21:22:44.568788: E external/xla/xla/stream_executor/cuda/cuda_driver.cc:1486] failed to unload module 0x5610a891c780; leaking: CUDA_ERROR_ILLEGAL_INSTRUCTION: an illegal instruction was encountered
2024-09-17 21:22:44.569671: E external/xla/xla/stream_executor/cuda/cuda_driver.cc:1486] failed to unload module 0x5610a871a370; leaking: CUDA_ERROR_ILLEGAL_INSTRUCTION: an illegal instruction was encountered
2024-09-17 21:22:44.570594: E external/xla/xla/stream_executor/cuda/cuda_driver.cc:1486] failed to unload module 0x5610a8d9e2d0; leaking: CUDA_ERROR_ILLEGAL_INSTRUCTION: an illegal instruction was encountered
2024-09-17 21:22:44.571515: E external/xla/xla/stream_executor/cuda/cuda_driver.cc:1486] failed to unload module 0x5610a89ab7f0; leaking: CUDA_ERROR_ILLEGAL_INSTRUCTION: an illegal instruction was encountered
2024-09-17 21:22:44.573029: E external/xla/xla/stream_executor/cuda/cuda_driver.cc:1486] failed to unload module 0x5610a7061120; leaking: CUDA_ERROR_ILLEGAL_INSTRUCTION: an illegal instruction was encountered
2024-09-17 21:22:44.573716: E external/xla/xla/stream_executor/cuda/cuda_driver.cc:1486] failed to unload module 0x5610a70ee190; leaking: CUDA_ERROR_ILLEGAL_INSTRUCTION: an illegal instruction was encountered
2024-09-17 21:22:44.574305: E external/xla/xla/stream_executor/cuda/cuda_driver.cc:1486] failed to unload module 0x5610a7107e90; leaking: CUDA_ERROR_ILLEGAL_INSTRUCTION: an illegal instruction was encountered
2024-09-17 21:22:44.576889: E external/xla/xla/stream_executor/cuda/cuda_driver.cc:1486] failed to unload module 0x5610a8bf9880; leaking: CUDA_ERROR_ILLEGAL_INSTRUCTION: an illegal instruction was encountered
2024-09-17 21:22:44.577264: E external/xla/xla/stream_executor/cuda/cuda_driver.cc:1486] failed to unload module 0x5610a8e94040; leaking: CUDA_ERROR_ILLEGAL_INSTRUCTION: an illegal instruction was encountered
2024-09-17 21:22:44.579006: E external/xla/xla/stream_executor/cuda/cuda_driver.cc:1486] failed to unload module 0x5610a9160690; leaking: CUDA_ERROR_ILLEGAL_INSTRUCTION: an illegal instruction was encountered
2024-09-17 21:22:44.582271: E external/xla/xla/stream_executor/cuda/cuda_driver.cc:1486] failed to unload module 0x5610a96997b0; leaking: CUDA_ERROR_ILLEGAL_INSTRUCTION: an illegal instruction was encountered
2024-09-17 21:22:44.584095: E external/xla/xla/stream_executor/cuda/cuda_driver.cc:1486] failed to unload module 0x5610a9a96b80; leaking: CUDA_ERROR_ILLEGAL_INSTRUCTION: an illegal instruction was encountered
2024-09-17 21:22:44.584780: E external/xla/xla/stream_executor/cuda/cuda_driver.cc:1486] failed to unload module 0x5610a9a695b0; leaking: CUDA_ERROR_ILLEGAL_INSTRUCTION: an illegal instruction was encountered
2024-09-17 21:22:44.585948: E external/xla/xla/stream_executor/cuda/cuda_driver.cc:1486] failed to unload module 0x5610a9d20fc0; leaking: CUDA_ERROR_ILLEGAL_INSTRUCTION: an illegal instruction was encountered
2024-09-17 21:22:44.587076: E external/xla/xla/stream_executor/cuda/cuda_driver.cc:1486] failed to unload module 0x5610a9daa6f0; leaking: CUDA_ERROR_ILLEGAL_INSTRUCTION: an illegal instruction was encountered
2024-09-17 21:22:44.587827: E external/xla/xla/stream_executor/cuda/cuda_driver.cc:1486] failed to unload module 0x5610a5ee5190; leaking: CUDA_ERROR_ILLEGAL_INSTRUCTION: an illegal instruction was encountered
2024-09-17 21:22:44.589429: E external/xla/xla/stream_executor/cuda/cuda_driver.cc:1486] failed to unload module 0x5610a758fcc0; leaking: CUDA_ERROR_ILLEGAL_INSTRUCTION: an illegal instruction was encountered
2024-09-17 21:22:44.589887: E external/xla/xla/stream_executor/cuda/cuda_driver.cc:1486] failed to unload module 0x5610a9e84a80; leaking: CUDA_ERROR_ILLEGAL_INSTRUCTION: an illegal instruction was encountered
2024-09-17 21:22:44.633553: E external/xla/xla/stream_executor/cuda/cuda_driver.cc:1486] failed to unload module 0x5610a5ef58d0; leaking: CUDA_ERROR_ILLEGAL_INSTRUCTION: an illegal instruction was encountered
2024-09-17 21:22:44.634323: E external/xla/xla/stream_executor/cuda/cuda_driver.cc:1486] failed to unload module 0x5610a754cb00; leaking: CUDA_ERROR_ILLEGAL_INSTRUCTION: an illegal instruction was encountered
2024-09-17 21:22:44.635096: E external/xla/xla/stream_executor/cuda/cuda_driver.cc:1486] failed to unload module 0x5610a93e7030; leaking: CUDA_ERROR_ILLEGAL_INSTRUCTION: an illegal instruction was encountered
2024-09-17 21:22:44.637656: E external/xla/xla/stream_executor/cuda/cuda_driver.cc:1486] failed to unload module 0x5610a8ee1410; leaking: CUDA_ERROR_ILLEGAL_INSTRUCTION: an illegal instruction was encountered
2024-09-17 21:22:44.637909: E external/xla/xla/stream_executor/cuda/cuda_driver.cc:1486] failed to unload module 0x5610a5b0ca60; leaking: CUDA_ERROR_ILLEGAL_INSTRUCTION: an illegal instruction was encountered
2024-09-17 21:22:44.638113: E external/xla/xla/stream_executor/cuda/cuda_driver.cc:1486] failed to unload module 0x5610a8485fe0; leaking: CUDA_ERROR_ILLEGAL_INSTRUCTION: an illegal instruction was encountered
2024-09-17 21:22:44.638360: E external/xla/xla/stream_executor/cuda/cuda_driver.cc:1486] failed to unload module 0x5610a85c8d60; leaking: CUDA_ERROR_ILLEGAL_INSTRUCTION: an illegal instruction was encountered
